<?xml version="1.0" encoding="UTF-8"?>
<TestRun id="62b8e0ec-88c4-404a-b77a-51fabfd936e1" name="jakarta@PC-PROG 2018-04-05 16:00:51" runUser="PC-PROG\jakarta" xmlns="http://microsoft.com/schemas/VisualStudio/TeamTest/2010">
  <TestSettings name="Local" id="2b31ee0e-7d2c-4b5a-91e8-919d9b483623">
    <Description>These are default test settings for a local test run.</Description>
    <Deployment enabled="false" runDeploymentRoot="jakarta_PC-PROG 2018-04-05 16_00_51">
      <DeploymentItem filename="E:\WRK\WORK\GITLab\HDP\PRODUKSTOK\Src\APPBASE\APPBASE\bin\APPBASE.dll" />
    </Deployment>
    <Execution>
      <TestTypeSpecific />
      <AgentRule name="Execution Agents">
      </AgentRule>
    </Execution>
  </TestSettings>
  <Times creation="2018-04-05T16:00:51.4950732+07:00" queuing="2018-04-05T16:00:51.6630828+07:00" start="2018-04-05T16:00:51.6990848+07:00" finish="2018-04-05T16:00:52.1171087+07:00" />
  <ResultSummary outcome="Completed">
    <Counters total="2" executed="2" passed="2" error="0" failed="0" timeout="0" aborted="0" inconclusive="0" passedButRunAborted="0" notRunnable="0" notExecuted="0" disconnected="0" warning="0" completed="0" inProgress="0" pending="0" />
  </ResultSummary>
  <TestDefinitions>
    <UnitTest name="testBarcode_notNull" storage="e:\wrk\work\gitlab\hdp\produkstok\src\appbase\unittest\bin\debug\unittest.dll" id="58293536-13b4-dfc4-7971-f78e11ba27c8">
      <Execution id="8cb6a883-037d-4a25-bf90-d57a44ce0ac2" />
      <TestMethod codeBase="E:/WRK/WORK/GITLab/HDP/PRODUKSTOK/Src/APPBASE/Unittest/bin/Debug/Unittest.DLL" adapterTypeName="Microsoft.VisualStudio.TestTools.TestTypes.Unit.UnitTestAdapter, Microsoft.VisualStudio.QualityTools.Tips.UnitTest.Adapter, Version=10.0.0.0, Culture=neutral, PublicKeyToken=b03f5f7f11d50a3a" className="Unittest.UnitTest1, Unittest, Version=1.0.0.0, Culture=neutral, PublicKeyToken=null" name="testBarcode_notNull" />
    </UnitTest>
    <UnitTest name="testBarcode_ValidValue" storage="e:\wrk\work\gitlab\hdp\produkstok\src\appbase\unittest\bin\debug\unittest.dll" id="6377ed0f-27bb-dc86-d3a8-65c051e8c0ee">
      <Execution id="749a0e4d-a5fa-4de1-85d7-733265355d20" />
      <TestMethod codeBase="E:/WRK/WORK/GITLab/HDP/PRODUKSTOK/Src/APPBASE/Unittest/bin/Debug/Unittest.DLL" adapterTypeName="Microsoft.VisualStudio.TestTools.TestTypes.Unit.UnitTestAdapter, Microsoft.VisualStudio.QualityTools.Tips.UnitTest.Adapter, Version=10.0.0.0, Culture=neutral, PublicKeyToken=b03f5f7f11d50a3a" className="Unittest.UnitTest1, Unittest, Version=1.0.0.0, Culture=neutral, PublicKeyToken=null" name="testBarcode_ValidValue" />
    </UnitTest>
  </TestDefinitions>
  <TestLists>
    <TestList name="Results Not in a List" id="8c84fa94-04c1-424b-9868-57a2d4851a1d" />
    <TestList name="All Loaded Results" id="19431567-8539-422a-85d7-44ee4e166bda" />
  </TestLists>
  <TestEntries>
    <TestEntry testId="58293536-13b4-dfc4-7971-f78e11ba27c8" executionId="8cb6a883-037d-4a25-bf90-d57a44ce0ac2" testListId="8c84fa94-04c1-424b-9868-57a2d4851a1d" />
    <TestEntry testId="6377ed0f-27bb-dc86-d3a8-65c051e8c0ee" executionId="749a0e4d-a5fa-4de1-85d7-733265355d20" testListId="8c84fa94-04c1-424b-9868-57a2d4851a1d" />
  </TestEntries>
  <Results>
    <UnitTestResult executionId="8cb6a883-037d-4a25-bf90-d57a44ce0ac2" testId="58293536-13b4-dfc4-7971-f78e11ba27c8" testName="testBarcode_notNull" computerName="PC-PROG" duration="00:00:00.0644228" startTime="2018-04-05T16:00:51.7060852+07:00" endTime="2018-04-05T16:00:52.0931074+07:00" testType="13cdc9d9-ddb5-4fa4-a97d-d965ccfc6d4b" outcome="Passed" testListId="8c84fa94-04c1-424b-9868-57a2d4851a1d" relativeResultsDirectory="8cb6a883-037d-4a25-bf90-d57a44ce0ac2">
    </UnitTestResult>
    <UnitTestResult executionId="749a0e4d-a5fa-4de1-85d7-733265355d20" testId="6377ed0f-27bb-dc86-d3a8-65c051e8c0ee" testName="testBarcode_ValidValue" computerName="PC-PROG" duration="00:00:00.0006872" startTime="2018-04-05T16:00:52.0941074+07:00" endTime="2018-04-05T16:00:52.0981076+07:00" testType="13cdc9d9-ddb5-4fa4-a97d-d965ccfc6d4b" outcome="Passed" testListId="8c84fa94-04c1-424b-9868-57a2d4851a1d" relativeResultsDirectory="749a0e4d-a5fa-4de1-85d7-733265355d20">
    </UnitTestResult>
  </Results>
</TestRun>