<?xml version="1.0" encoding="UTF-8"?>
<TestRun id="33f9747d-5ac0-44b2-b754-c2d0bb642464" name="jakarta@PC-PROG 2018-04-05 15:28:49" runUser="PC-PROG\jakarta" xmlns="http://microsoft.com/schemas/VisualStudio/TeamTest/2010">
  <TestSettings name="Local" id="2b31ee0e-7d2c-4b5a-91e8-919d9b483623">
    <Description>These are default test settings for a local test run.</Description>
    <Deployment userDeploymentRoot="E:\WRK\WORK\GITLab\HDP\PRODUKSTOK\Src\APPBASE\TestResults" useDefaultDeploymentRoot="false" enabled="false" runDeploymentRoot="jakarta_PC-PROG 2018-04-05 15_28_49">
      <DeploymentItem filename="E:\WRK\WORK\GITLab\HDP\PRODUKSTOK\Src\APPBASE\APPBASE\bin\APPBASE.dll" />
    </Deployment>
    <Execution>
      <TestTypeSpecific />
      <AgentRule name="Execution Agents">
      </AgentRule>
    </Execution>
  </TestSettings>
  <Times creation="2018-04-05T15:28:49.1971240+07:00" queuing="2018-04-05T15:28:49.2281258+07:00" start="2018-04-05T15:28:49.2391264+07:00" finish="2018-04-05T15:28:49.4951410+07:00" />
  <ResultSummary outcome="Failed">
    <Counters total="1" executed="1" error="0" failed="1" timeout="0" aborted="0" inconclusive="0" passedButRunAborted="0" notRunnable="0" notExecuted="0" disconnected="0" warning="0" passed="0" completed="0" inProgress="0" pending="0" />
  </ResultSummary>
  <TestDefinitions>
    <UnitTest name="testBarcode_notNull" storage="e:\wrk\work\gitlab\hdp\produkstok\src\appbase\unittest\bin\debug\unittest.dll" id="58293536-13b4-dfc4-7971-f78e11ba27c8">
      <Execution id="b7a2dd83-1216-4d74-beea-041f11c8b27b" />
      <TestMethod codeBase="E:/WRK/WORK/GITLab/HDP/PRODUKSTOK/Src/APPBASE/Unittest/bin/Debug/Unittest.DLL" adapterTypeName="Microsoft.VisualStudio.TestTools.TestTypes.Unit.UnitTestAdapter, Microsoft.VisualStudio.QualityTools.Tips.UnitTest.Adapter, Version=10.0.0.0, Culture=neutral, PublicKeyToken=b03f5f7f11d50a3a" className="Unittest.UnitTest1, Unittest, Version=1.0.0.0, Culture=neutral, PublicKeyToken=null" name="testBarcode_notNull" />
    </UnitTest>
  </TestDefinitions>
  <TestLists>
    <TestList name="Results Not in a List" id="8c84fa94-04c1-424b-9868-57a2d4851a1d" />
    <TestList name="All Loaded Results" id="19431567-8539-422a-85d7-44ee4e166bda" />
  </TestLists>
  <TestEntries>
    <TestEntry testId="58293536-13b4-dfc4-7971-f78e11ba27c8" executionId="b7a2dd83-1216-4d74-beea-041f11c8b27b" testListId="8c84fa94-04c1-424b-9868-57a2d4851a1d" />
  </TestEntries>
  <Results>
    <UnitTestResult executionId="b7a2dd83-1216-4d74-beea-041f11c8b27b" testId="58293536-13b4-dfc4-7971-f78e11ba27c8" testName="testBarcode_notNull" computerName="PC-PROG" duration="00:00:00.0413023" startTime="2018-04-05T15:28:49.2461268+07:00" endTime="2018-04-05T15:28:49.4821403+07:00" testType="13cdc9d9-ddb5-4fa4-a97d-d965ccfc6d4b" outcome="Failed" testListId="8c84fa94-04c1-424b-9868-57a2d4851a1d" relativeResultsDirectory="b7a2dd83-1216-4d74-beea-041f11c8b27b">
      <Output>
        <ErrorInfo>
          <Message>Test method Unittest.UnitTest1.testBarcode_notNull threw exception: 
System.ArgumentOutOfRangeException: Index and length must refer to a location within the string.
Parameter name: length</Message>
          <StackTrace>    at System.String.Substring(Int32 startIndex, Int32 length)
   at APPBASE.Models.Barcode_13chars.getChecksum_8segments() in E:\WRK\WORK\GITLab\HDP\PRODUKSTOK\Src\APPBASE\APPBASE\BASEStock\CFID\Idproduct\Worker\Barcode_13chars_checksums.cs:line 46
   at APPBASE.Models.Barcode_13chars.getChecksum() in E:\WRK\WORK\GITLab\HDP\PRODUKSTOK\Src\APPBASE\APPBASE\BASEStock\CFID\Idproduct\Worker\Barcode_13chars_checksums.cs:line 24
   at APPBASE.Models.Barcode_13chars.generate(ProductnewVM poViewModel) in E:\WRK\WORK\GITLab\HDP\PRODUKSTOK\Src\APPBASE\APPBASE\BASEStock\CFID\Idproduct\Worker\Barcode_13chars.cs:line 47
   at APPBASE.Models.Barcode_13chars..ctor(ProductnewVM poViewModel) in E:\WRK\WORK\GITLab\HDP\PRODUKSTOK\Src\APPBASE\APPBASE\BASEStock\CFID\Idproduct\Worker\Barcode_13chars.cs:line 28
   at Unittest.UnitTest1.initialize() in E:\WRK\WORK\GITLab\HDP\PRODUKSTOK\Src\APPBASE\Unittest\UnitTest1.cs:line 25
   at Unittest.UnitTest1.testBarcode_notNull() in E:\WRK\WORK\GITLab\HDP\PRODUKSTOK\Src\APPBASE\Unittest\UnitTest1.cs:line 31
</StackTrace>
        </ErrorInfo>
      </Output>
    </UnitTestResult>
  </Results>
</TestRun>