<?xml version="1.0" encoding="UTF-8"?>
<TestRun id="88f787c6-4a36-42f6-a4e3-920fa23168a5" name="jakarta@PC-PROG 2018-04-05 15:05:24" runUser="PC-PROG\jakarta" xmlns="http://microsoft.com/schemas/VisualStudio/TeamTest/2010">
  <TestSettings name="Local" id="2b31ee0e-7d2c-4b5a-91e8-919d9b483623">
    <Description>These are default test settings for a local test run.</Description>
    <Deployment enabled="false" runDeploymentRoot="jakarta_PC-PROG 2018-04-05 15_05_24">
      <DeploymentItem filename="E:\WRK\WORK\GITLab\HDP\PRODUKSTOK\Src\APPBASE\APPBASE\bin\APPBASE.dll" />
    </Deployment>
    <Execution>
      <TestTypeSpecific />
      <AgentRule name="Execution Agents">
      </AgentRule>
    </Execution>
  </TestSettings>
  <Times creation="2018-04-05T15:05:24.4597776+07:00" queuing="2018-04-05T15:05:25.4998371+07:00" start="2018-04-05T15:05:25.6528459+07:00" finish="2018-04-05T15:05:46.6930493+07:00" />
  <ResultSummary outcome="Failed">
    <Counters total="1" executed="1" error="0" failed="1" timeout="0" aborted="0" inconclusive="0" passedButRunAborted="0" notRunnable="0" notExecuted="0" disconnected="0" warning="0" passed="0" completed="0" inProgress="0" pending="0" />
  </ResultSummary>
  <TestDefinitions>
    <UnitTest name="testBarcode_ValidValue" storage="e:\wrk\work\gitlab\hdp\produkstok\src\appbase\unittest\bin\debug\unittest.dll" id="6377ed0f-27bb-dc86-d3a8-65c051e8c0ee">
      <Execution id="1d587109-3f96-459f-82dd-c104ddfec154" />
      <TestMethod codeBase="E:/WRK/WORK/GITLab/HDP/PRODUKSTOK/Src/APPBASE/Unittest/bin/Debug/Unittest.DLL" adapterTypeName="Microsoft.VisualStudio.TestTools.TestTypes.Unit.UnitTestAdapter, Microsoft.VisualStudio.QualityTools.Tips.UnitTest.Adapter, Version=10.0.0.0, Culture=neutral, PublicKeyToken=b03f5f7f11d50a3a" className="Unittest.UnitTest1, Unittest, Version=1.0.0.0, Culture=neutral, PublicKeyToken=null" name="testBarcode_ValidValue" />
    </UnitTest>
  </TestDefinitions>
  <TestLists>
    <TestList name="Results Not in a List" id="8c84fa94-04c1-424b-9868-57a2d4851a1d" />
    <TestList name="All Loaded Results" id="19431567-8539-422a-85d7-44ee4e166bda" />
  </TestLists>
  <TestEntries>
    <TestEntry testId="6377ed0f-27bb-dc86-d3a8-65c051e8c0ee" executionId="1d587109-3f96-459f-82dd-c104ddfec154" testListId="8c84fa94-04c1-424b-9868-57a2d4851a1d" />
  </TestEntries>
  <Results>
    <UnitTestResult executionId="1d587109-3f96-459f-82dd-c104ddfec154" testId="6377ed0f-27bb-dc86-d3a8-65c051e8c0ee" testName="testBarcode_ValidValue" computerName="PC-PROG" duration="00:00:19.0847451" startTime="2018-04-05T15:05:25.7758529+07:00" endTime="2018-04-05T15:05:46.6030441+07:00" testType="13cdc9d9-ddb5-4fa4-a97d-d965ccfc6d4b" outcome="Failed" testListId="8c84fa94-04c1-424b-9868-57a2d4851a1d" relativeResultsDirectory="1d587109-3f96-459f-82dd-c104ddfec154">
      <Output>
        <ErrorInfo>
          <Message>Assert.AreEqual failed. Expected:&lt;899310105010&gt;. Actual:&lt;8993101050109&gt;. </Message>
          <StackTrace>   at Unittest.UnitTest1.testBarcode_ValidValue() in E:\WRK\WORK\GITLab\HDP\PRODUKSTOK\Src\APPBASE\Unittest\UnitTest1.cs:line 38
</StackTrace>
        </ErrorInfo>
      </Output>
    </UnitTestResult>
  </Results>
</TestRun>